[2015-04-03 15:31:13] START
[2015-04-03 15:31:30] CREATE db_ad_pass.py: 0
[2015-04-03 15:31:41] CREATE db_al_pass.py: 0
[2015-04-03 15:31:57] CREATE db_pass_emp.py: 0
[2015-04-03 15:32:08] CREATE degr_iitg.py: 0
[2015-04-03 15:32:18] CREATE degr_othr.py: 0
[2015-04-03 15:32:37] CREATE menu_login.py: 0
[2015-04-03 15:33:19] CREATE layout_2.html: 0
[2015-04-03 15:33:30] CREATE layout_lout.html: 0
[2015-04-03 15:34:47] CREATE db_al_b_data.py: 0
[2015-04-03 15:35:22] EDIT login4/models/db_ad_pass.py: 1
[2015-04-03 15:35:32] EDIT login4/models/db_al_b_data.py: 17
[2015-04-03 15:35:41] EDIT login4/models/db_al_pass.py: 1
[2015-04-03 15:36:01] EDIT login4/models/db_pass_emp.py: 9
[2015-04-03 15:36:10] EDIT login4/models/degr_iitg.py: 6
[2015-04-03 15:36:18] EDIT login4/models/degr_othr.py: 7
[2015-04-03 15:36:27] EDIT login4/models/menu_login.py: 13
[2015-04-03 15:36:52] EDIT login4/controllers/default.py: 59
[2015-04-03 15:38:18] EDIT login4/views/layout.html: -1
[2015-04-03 15:38:39] EDIT login4/views/default/index.html: -29
[2015-04-03 15:38:53] EDIT login4/views/default/user.html: 0
[2015-04-03 15:39:04] EDIT login4/views/layout_2.html: 151
[2015-04-03 15:39:13] EDIT login4/views/layout_lout.html: 151
[2015-04-03 15:40:45] DELETE login4/views/layout_2.html: -154
[2015-04-03 15:40:51] DELETE login4/views/layout_lout.html: -154
[2015-04-03 15:46:03] DELETE login4/models/menu_login.py: -13
[2015-04-03 15:47:21] CREATE menu_login.py: 0
[2015-04-03 15:48:11] EDIT login4/models/menu_login.py: 13
[2015-04-03 15:48:21] EDIT login4/models/menu_login.py: 0
[2015-04-03 15:51:43] EDIT login4/controllers/default.py: 5
[2015-04-03 16:44:33] EDIT login4/controllers/default.py: 6
[2015-04-03 16:46:11] EDIT login4/controllers/default.py: 2
[2015-04-03 16:46:54] EDIT login4/controllers/default.py: -6
[2015-04-03 16:46:57] EDIT login4/controllers/default.py: 0
[2015-04-03 16:47:28] EDIT login4/controllers/default.py: 0
[2015-04-03 16:48:53] EDIT login4/controllers/default.py: 0
[2015-04-03 16:49:14] EDIT login4/controllers/default.py: 0
[2015-04-03 16:49:15] EDIT login4/controllers/default.py: 0
[2015-04-03 16:49:16] EDIT login4/controllers/default.py: 0
[2015-04-03 16:49:16] EDIT login4/controllers/default.py: 0
[2015-04-03 16:49:16] EDIT login4/controllers/default.py: 0
[2015-04-03 16:57:25] EDIT login4/controllers/default.py: 0
[2015-04-03 16:57:26] EDIT login4/controllers/default.py: 0
[2015-04-03 16:57:26] EDIT login4/controllers/default.py: 0
[2015-04-03 16:58:29] EDIT login4/controllers/default.py: 0
[2015-04-03 16:58:30] EDIT login4/controllers/default.py: 0
[2015-04-03 16:58:38] EDIT login4/controllers/default.py: 0
[2015-04-03 16:58:38] EDIT login4/controllers/default.py: 0
[2015-04-03 16:58:39] EDIT login4/controllers/default.py: 0
[2015-04-03 16:58:39] EDIT login4/controllers/default.py: 0
[2015-04-03 16:59:01] EDIT login4/controllers/default.py: -1
[2015-04-03 16:59:02] EDIT login4/controllers/default.py: 0
[2015-04-03 16:59:03] EDIT login4/controllers/default.py: 0
[2015-04-03 16:59:24] EDIT login4/controllers/default.py: 0
[2015-04-03 16:59:25] EDIT login4/controllers/default.py: 0
[2015-04-03 17:10:28] EDIT login4/controllers/default.py: 0
[2015-04-03 17:11:14] EDIT login4/controllers/default.py: -3
[2015-04-03 17:11:21] EDIT login4/controllers/default.py: 0
[2015-04-03 17:11:38] EDIT login4/controllers/default.py: 1
[2015-04-03 17:12:15] EDIT login4/controllers/default.py: 0
[2015-04-03 17:22:57] EDIT login4/controllers/default.py: 1
[2015-04-03 17:24:24] EDIT login4/controllers/default.py: 0
[2015-04-03 17:24:42] EDIT login4/controllers/default.py: 0
[2015-04-03 17:24:57] EDIT login4/controllers/default.py: 0
[2015-04-03 17:25:06] EDIT login4/controllers/default.py: 0
[2015-04-03 17:32:20] EDIT login4/controllers/default.py: 6
[2015-04-03 17:32:25] EDIT login4/controllers/default.py: 0
[2015-04-03 17:34:26] EDIT login4/controllers/default.py: 7
[2015-04-03 17:37:25] EDIT login4/controllers/default.py: 4
[2015-04-03 17:45:47] EDIT login4/controllers/default.py: 1
[2015-04-03 17:46:23] EDIT login4/controllers/default.py: 0
[2015-04-03 17:46:25] EDIT login4/controllers/default.py: 0
[2015-04-03 17:46:56] EDIT login4/controllers/default.py: 0
[2015-04-03 17:47:41] EDIT login4/controllers/default.py: 0
[2015-04-03 17:55:06] EDIT login4/views/layout.html: 1
[2015-04-03 17:55:35] EDIT login4/views/layout.html: 0
[2015-04-03 17:56:13] EDIT login4/views/layout.html: 0
[2015-04-03 17:57:15] EDIT login4/views/layout.html: 0
[2015-04-03 17:57:43] EDIT login4/views/layout.html: 1
[2015-04-03 17:57:58] EDIT login4/views/layout.html: -1
[2015-04-03 17:58:18] EDIT login4/views/layout.html: 0
[2015-04-03 18:03:25] EDIT login4/views/generic.html: -3
[2015-04-03 18:03:42] EDIT login4/views/generic.html: 0
[2015-04-03 18:13:02] EDIT login4/controllers/default.py: 2
[2015-04-03 18:18:24] EDIT login4/controllers/default.py: 15
[2015-04-03 18:23:57] EDIT login4/controllers/default.py: 16
[2015-04-03 18:24:08] EDIT login4/controllers/default.py: 0
[2015-04-03 18:26:27] EDIT login4/controllers/default.py: 0
[2015-04-03 18:27:30] EDIT login4/controllers/default.py: 0
[2015-04-03 18:30:00] EDIT login4/controllers/default.py: 12
[2015-04-03 18:30:23] EDIT login4/controllers/default.py: 0
[2015-04-03 18:30:32] EDIT login4/controllers/default.py: 0
[2015-04-03 18:30:32] EDIT login4/controllers/default.py: 0
[2015-04-03 18:31:15] EDIT login4/controllers/default.py: 0
[2015-04-03 18:32:21] EDIT login4/views/generic.html: 3
[2015-04-03 18:32:21] EDIT login4/views/generic.html: 0
[2015-04-03 18:32:21] EDIT login4/views/generic.html: 0
[2015-04-03 18:35:17] EDIT login4/controllers/default.py: 0
[2015-04-03 18:35:17] EDIT login4/controllers/default.py: 0
[2015-04-03 18:35:33] EDIT login4/controllers/default.py: 0
[2015-04-04 03:59:54] EDIT login4/controllers/default.py: 14
[2015-04-04 04:01:29] EDIT login4/controllers/default.py: 1
[2015-04-04 04:03:35] EDIT login4/controllers/default.py: 0
[2015-04-04 04:11:48] EDIT login4/controllers/default.py: -6
[2015-04-04 04:15:39] EDIT login4/controllers/default.py: 4
[2015-04-04 04:15:39] EDIT login4/controllers/default.py: 0
[2015-04-04 04:15:46] EDIT login4/controllers/default.py: 0
[2015-04-04 04:16:11] EDIT login4/controllers/default.py: 0
[2015-04-04 04:17:41] EDIT login4/controllers/default.py: -4
[2015-04-04 04:17:59] EDIT login4/controllers/default.py: 4
[2015-04-04 04:19:27] EDIT login4/controllers/default.py: 0
[2015-04-04 04:19:33] EDIT login4/controllers/default.py: 0
[2015-04-04 04:21:16] EDIT login4/controllers/default.py: 0
[2015-04-04 04:21:35] EDIT login4/controllers/default.py: 0
[2015-04-04 04:21:45] EDIT login4/controllers/default.py: 0
[2015-04-04 04:21:47] EDIT login4/controllers/default.py: 0
[2015-04-04 04:23:10] EDIT login4/controllers/default.py: 0
[2015-04-04 04:24:10] EDIT login4/controllers/default.py: 1
[2015-04-04 04:24:15] EDIT login4/controllers/default.py: 0
[2015-04-04 04:25:08] EDIT login4/controllers/default.py: 2
[2015-04-04 04:25:40] EDIT login4/controllers/default.py: 0
[2015-04-04 04:25:53] EDIT login4/controllers/default.py: 0
[2015-04-04 04:26:04] EDIT login4/controllers/default.py: 0
[2015-04-04 04:30:11] EDIT login4/controllers/default.py: 0
[2015-04-04 04:30:35] EDIT login4/controllers/default.py: 0
[2015-04-04 04:30:40] EDIT login4/controllers/default.py: 0
[2015-04-04 04:30:40] EDIT login4/controllers/default.py: 0
[2015-04-04 04:30:41] EDIT login4/controllers/default.py: 0
[2015-04-04 04:30:41] EDIT login4/controllers/default.py: 0
[2015-04-04 04:30:42] EDIT login4/controllers/default.py: 0
[2015-04-04 04:34:03] EDIT login4/controllers/default.py: 0
[2015-04-04 04:34:05] EDIT login4/controllers/default.py: 0
[2015-04-04 04:34:05] EDIT login4/controllers/default.py: 0
[2015-04-04 04:34:06] EDIT login4/controllers/default.py: 0
[2015-04-04 04:34:06] EDIT login4/controllers/default.py: 0
[2015-04-04 04:34:38] EDIT login4/controllers/default.py: 0
[2015-04-04 05:35:32] EDIT login4/controllers/default.py: 3
[2015-04-04 05:36:05] EDIT login4/controllers/default.py: -11
[2015-04-04 05:36:48] EDIT login4/controllers/default.py: 13
[2015-04-04 05:37:22] EDIT login4/controllers/default.py: 0
[2015-04-04 05:40:52] EDIT login4/controllers/default.py: 7
[2015-04-04 05:41:03] EDIT login4/controllers/default.py: 0
[2015-04-04 05:41:18] EDIT login4/controllers/default.py: 0
[2015-04-04 05:41:19] EDIT login4/controllers/default.py: 0
[2015-04-04 05:42:22] EDIT login4/controllers/default.py: -1
[2015-04-04 05:42:41] EDIT login4/controllers/default.py: 0
[2015-04-04 05:45:59] EDIT login4/controllers/default.py: -3
[2015-04-04 05:46:12] EDIT login4/controllers/default.py: 0
[2015-04-04 05:46:43] EDIT login4/controllers/default.py: 0
[2015-04-04 05:46:58] EDIT login4/controllers/default.py: 0
[2015-04-04 06:34:37] EDIT login4/controllers/default.py: 3
[2015-04-04 06:34:46] EDIT login4/controllers/default.py: 0
[2015-04-04 06:35:15] EDIT login4/controllers/default.py: 1
[2015-04-04 06:35:20] EDIT login4/controllers/default.py: 0
[2015-04-04 06:41:09] EDIT login4/controllers/default.py: 4
[2015-04-04 06:41:47] EDIT login4/controllers/default.py: 0
[2015-04-04 06:42:48] EDIT login4/controllers/default.py: -3
[2015-04-04 06:42:53] EDIT login4/controllers/default.py: 0
[2015-04-04 06:42:54] EDIT login4/controllers/default.py: 0
[2015-04-04 06:52:51] EDIT login4/controllers/default.py: 6
[2015-04-04 06:55:06] EDIT login4/controllers/default.py: 0
[2015-04-04 07:05:33] EDIT login4/controllers/default.py: 4
[2015-04-04 07:10:28] EDIT login4/controllers/default.py: 3
[2015-04-04 07:10:30] EDIT login4/controllers/default.py: 0
[2015-04-04 07:10:31] EDIT login4/controllers/default.py: 0
[2015-04-04 07:10:32] EDIT login4/controllers/default.py: 0
[2015-04-04 07:10:32] EDIT login4/controllers/default.py: 0
[2015-04-04 07:10:32] EDIT login4/controllers/default.py: 0
[2015-04-04 07:10:33] EDIT login4/controllers/default.py: 0
[2015-04-04 07:10:33] EDIT login4/controllers/default.py: 0
[2015-04-04 07:10:33] EDIT login4/controllers/default.py: 0
[2015-04-04 07:10:34] EDIT login4/controllers/default.py: 0
[2015-04-04 07:10:34] EDIT login4/controllers/default.py: 0
[2015-04-04 07:10:40] EDIT login4/controllers/default.py: 0
[2015-04-04 07:12:44] EDIT login4/controllers/default.py: -1
[2015-04-04 07:12:49] EDIT login4/controllers/default.py: 0
[2015-04-04 07:12:50] EDIT login4/controllers/default.py: 0
[2015-04-04 07:12:51] EDIT login4/controllers/default.py: 0
[2015-04-04 07:13:33] EDIT login4/controllers/default.py: 0
[2015-04-04 07:14:07] EDIT login4/controllers/default.py: 0
[2015-04-04 07:16:12] EDIT login4/controllers/default.py: 0
[2015-04-04 07:17:01] EDIT login4/controllers/default.py: 0
[2015-04-04 07:17:20] EDIT login4/controllers/default.py: 0
[2015-04-04 07:19:00] EDIT login4/controllers/default.py: 0
[2015-04-04 07:19:50] EDIT login4/controllers/default.py: 0
[2015-04-04 07:20:32] EDIT login4/controllers/default.py: 0
[2015-04-04 07:21:45] EDIT login4/controllers/default.py: 0
[2015-04-04 07:28:43] EDIT login4/controllers/default.py: 0
[2015-04-04 07:28:44] EDIT login4/controllers/default.py: 0
[2015-04-04 07:29:10] EDIT login4/controllers/default.py: 0
[2015-04-04 07:29:11] EDIT login4/controllers/default.py: 0
[2015-04-04 07:29:21] EDIT login4/controllers/default.py: 0
[2015-04-04 07:29:34] EDIT login4/controllers/default.py: 0
[2015-04-04 07:30:16] CREATE alumni_search.html: 0
[2015-04-04 07:30:48] EDIT login4/views/alumni_search.html: 0
[2015-04-04 07:30:58] EDIT login4/views/alumni_search.html: 1
[2015-04-04 07:30:59] EDIT login4/views/alumni_search.html: 0
[2015-04-04 07:31:22] EDIT login4/controllers/default.py: 0
[2015-04-04 07:33:04] EDIT login4/views/alumni_search.html: -1
[2015-04-04 07:33:08] EDIT login4/views/alumni_search.html: 0
[2015-04-04 07:33:17] EDIT login4/views/alumni_search.html: 0
[2015-04-04 07:33:18] EDIT login4/views/alumni_search.html: 0
[2015-04-04 07:35:34] EDIT login4/controllers/default.py: 0
[2015-04-04 07:35:44] EDIT login4/controllers/default.py: 0
[2015-04-04 07:35:45] EDIT login4/controllers/default.py: 0
[2015-04-04 07:35:47] EDIT login4/controllers/default.py: 0
[2015-04-04 07:35:49] EDIT login4/controllers/default.py: 0
[2015-04-04 07:36:36] EDIT login4/controllers/default.py: 0
[2015-04-04 07:36:38] EDIT login4/controllers/default.py: 0
[2015-04-04 07:36:49] EDIT login4/controllers/default.py: 0
[2015-04-04 07:36:49] EDIT login4/controllers/default.py: 0
[2015-04-04 07:37:30] EDIT login4/controllers/default.py: 0
[2015-04-04 07:38:55] EDIT login4/controllers/default.py: 0
[2015-04-04 07:39:07] EDIT login4/controllers/default.py: 0
[2015-04-04 21:45:10] EDIT login4/models/degr_othr.py: 0
[2015-04-04 21:45:24] EDIT login4/models/db_al_b_data.py: 0
[2015-04-04 21:46:36] EDIT login4/models/degr_iitg.py: 0
[2015-04-04 21:47:05] EDIT login4/models/db_al_pass.py: 0
[2015-04-04 21:47:07] EDIT login4/models/db_pass_emp.py: 0
[2015-04-04 21:47:09] EDIT login4/models/db_ad_pass.py: 0
[2015-04-04 21:47:11] EDIT login4/models/db_al_b_data.py: 0
[2015-04-04 21:47:13] EDIT login4/models/degr_othr.py: 0
[2015-04-04 21:47:15] EDIT login4/models/degr_iitg.py: 0
[2015-04-04 22:20:59] EDIT login4/controllers/default.py: 0
[2015-04-04 22:27:38] EDIT login4/controllers/default.py: 2
[2015-04-04 22:28:49] EDIT login4/controllers/default.py: 0
[2015-04-04 22:29:24] CREATE default/search_name.html: 0
[2015-04-04 22:40:00] EDIT login4/views/default/search_name.html: 20
[2015-04-04 22:45:21] EDIT login4/views/default/search_name.html: -7
[2015-04-04 22:54:56] EDIT login4/controllers/default.py: 0
[2015-04-04 22:55:10] EDIT login4/controllers/default.py: 0
[2015-04-04 23:18:54] EDIT login4/controllers/default.py: 6
[2015-04-04 23:18:55] EDIT login4/controllers/default.py: 0
[2015-04-04 23:18:55] EDIT login4/controllers/default.py: 0
[2015-04-04 23:18:55] EDIT login4/controllers/default.py: 0
[2015-04-04 23:18:55] EDIT login4/controllers/default.py: 0
[2015-04-04 23:18:56] EDIT login4/controllers/default.py: 0
[2015-04-04 23:18:56] EDIT login4/controllers/default.py: 0
[2015-04-04 23:19:10] EDIT login4/controllers/default.py: 0
[2015-04-04 23:21:40] EDIT login4/controllers/default.py: 2
[2015-04-04 23:21:40] EDIT login4/controllers/default.py: 0
[2015-04-04 23:22:05] EDIT login4/controllers/default.py: 1
[2015-04-04 23:23:07] EDIT login4/controllers/default.py: 2
[2015-04-04 23:23:07] EDIT login4/controllers/default.py: 0
[2015-04-04 23:23:07] EDIT login4/controllers/default.py: 0
[2015-04-04 23:23:07] EDIT login4/controllers/default.py: 0
[2015-04-04 23:23:07] EDIT login4/controllers/default.py: 0
[2015-04-04 23:23:15] EDIT login4/controllers/default.py: 1
[2015-04-04 23:34:34] CREATE default/search_firm.html: 0
[2015-04-04 23:34:49] CREATE default/search_university.html: 0
[2015-04-04 23:35:04] CREATE default/search_place.html: 0
[2015-04-04 23:35:23] EDIT login4/views/default/search_place.html: 13
[2015-04-04 23:35:49] EDIT login4/views/default/search_firm.html: 13
[2015-04-04 23:35:50] EDIT login4/views/default/search_firm.html: 0
[2015-04-04 23:35:50] EDIT login4/views/default/search_firm.html: 0
[2015-04-04 23:36:04] EDIT login4/views/default/search_firm.html: 1
[2015-04-04 23:36:37] EDIT login4/views/default/search_firm.html: 0
[2015-04-04 23:36:38] EDIT login4/views/default/search_firm.html: 0
[2015-04-04 23:36:38] EDIT login4/views/default/search_firm.html: 0
[2015-04-04 23:36:38] EDIT login4/views/default/search_firm.html: 0
[2015-04-04 23:36:38] EDIT login4/views/default/search_firm.html: 0
[2015-04-04 23:38:56] EDIT login4/views/default/search_university.html: 10
[2015-04-04 23:38:56] EDIT login4/views/default/search_university.html: 0
[2015-04-04 23:38:57] EDIT login4/views/default/search_university.html: 0
[2015-04-04 23:38:57] EDIT login4/views/default/search_university.html: 0
[2015-04-04 23:38:57] EDIT login4/views/default/search_university.html: 0
[2015-04-04 23:40:39] EDIT login4/views/default/search_university.html: 0
[2015-04-04 23:40:40] EDIT login4/views/default/search_university.html: 0
[2015-04-04 23:40:59] EDIT login4/views/default/search_university.html: 0
[2015-04-04 23:42:56] EDIT login4/controllers/default.py: 5
[2015-04-04 23:43:21] EDIT login4/controllers/default.py: 0
[2015-04-04 23:54:53] EDIT login4/views/default/search_name.html: 1
[2015-04-04 23:55:34] EDIT login4/views/default/search_name.html: 0
[2015-04-04 23:57:44] EDIT login4/controllers/default.py: 0
[2015-04-04 23:59:12] EDIT login4/controllers/default.py: 0
[2015-04-04 23:59:55] EDIT login4/views/default/search_firm.html: 1
[2015-04-04 23:59:56] EDIT login4/views/default/search_firm.html: 0
[2015-04-05 00:00:14] EDIT login4/views/default/search_place.html: 0
[2015-04-05 00:00:28] EDIT login4/views/default/search_firm.html: 0
[2015-04-05 00:00:29] EDIT login4/views/default/search_firm.html: 0
[2015-04-05 00:00:29] EDIT login4/views/default/search_firm.html: 0
[2015-04-05 00:00:29] EDIT login4/views/default/search_firm.html: 0
[2015-04-05 00:00:29] EDIT login4/views/default/search_firm.html: 0
[2015-04-05 00:00:30] EDIT login4/views/default/search_firm.html: 0
[2015-04-05 00:00:31] EDIT login4/views/default/search_firm.html: 0
[2015-04-05 00:00:31] EDIT login4/views/default/search_firm.html: 0
[2015-04-05 00:00:31] EDIT login4/views/default/search_firm.html: 0
[2015-04-05 00:00:51] EDIT login4/views/default/search_firm.html: 0
[2015-04-05 00:04:52] EDIT login4/controllers/default.py: 0
[2015-04-05 00:04:53] EDIT login4/controllers/default.py: 0
[2015-04-05 00:06:25] EDIT login4/controllers/default.py: 0
[2015-04-05 00:07:12] EDIT login4/controllers/default.py: 0
[2015-04-05 00:07:12] EDIT login4/controllers/default.py: 0
[2015-04-05 00:17:58] EDIT login4/models/degr_iitg.py: 0
[2015-04-05 00:17:59] EDIT login4/models/degr_iitg.py: 0
[2015-04-05 00:17:59] EDIT login4/models/degr_iitg.py: 0
[2015-04-05 00:17:59] EDIT login4/models/degr_iitg.py: 0
[2015-04-05 00:17:59] EDIT login4/models/degr_iitg.py: 0
[2015-04-05 00:18:00] EDIT login4/models/degr_iitg.py: 0
[2015-04-05 00:18:00] EDIT login4/models/degr_iitg.py: 0
[2015-04-05 00:18:00] EDIT login4/models/degr_iitg.py: 0
[2015-04-05 00:18:00] EDIT login4/models/degr_iitg.py: 0
[2015-04-05 00:19:06] EDIT login4/models/degr_othr.py: 0
[2015-04-05 00:20:45] EDIT login4/views/default/search_university.html: 1
[2015-04-05 00:20:47] EDIT login4/views/default/search_place.html: 1
[2015-04-05 00:20:49] EDIT login4/views/default/search_name.html: 0
[2015-04-05 00:20:51] EDIT login4/views/default/search_firm.html: 0
[2015-04-05 01:14:25] EDIT login4/models/db_pass_emp.py: 0
[2015-04-05 01:14:25] EDIT login4/models/db_pass_emp.py: 0
[2015-04-05 01:14:25] EDIT login4/models/db_pass_emp.py: 0
[2015-04-05 01:14:25] EDIT login4/models/db_pass_emp.py: 0
[2015-04-05 01:17:31] EDIT login4/controllers/default.py: 1
[2015-04-05 01:17:32] EDIT login4/controllers/default.py: 0
[2015-04-05 01:17:32] EDIT login4/controllers/default.py: 0
[2015-04-05 01:17:33] EDIT login4/controllers/default.py: 0
[2015-04-05 01:17:33] EDIT login4/controllers/default.py: 0
[2015-04-05 01:17:33] EDIT login4/controllers/default.py: 0
[2015-04-05 01:17:33] EDIT login4/controllers/default.py: 0
[2015-04-05 01:17:34] EDIT login4/controllers/default.py: 0
[2015-04-05 01:17:34] EDIT login4/controllers/default.py: 0
[2015-04-05 01:17:34] EDIT login4/controllers/default.py: 0
[2015-04-05 01:33:29] EDIT login4/views/default/search_university.html: 0
[2015-04-05 01:34:42] EDIT login4/views/default/search_university.html: 0
[2015-04-05 01:35:30] EDIT login4/views/default/search_university.html: -1
[2015-04-05 01:36:16] EDIT login4/views/default/search_university.html: 0
[2015-04-05 01:38:46] EDIT login4/views/default/search_university.html: 0
[2015-04-05 01:38:46] EDIT login4/views/default/search_university.html: 0
[2015-04-05 01:38:46] EDIT login4/views/default/search_university.html: 0
[2015-04-05 01:38:46] EDIT login4/views/default/search_university.html: 0
[2015-04-05 01:38:46] EDIT login4/views/default/search_university.html: 0
[2015-04-05 01:38:47] EDIT login4/views/default/search_university.html: 0
[2015-04-05 01:38:47] EDIT login4/views/default/search_university.html: 0
[2015-04-05 01:38:47] EDIT login4/views/default/search_university.html: 0
[2015-04-05 01:38:47] EDIT login4/views/default/search_university.html: 0
[2015-04-05 01:38:48] EDIT login4/views/default/search_university.html: 0
[2015-04-05 01:38:48] EDIT login4/views/default/search_university.html: 0
[2015-04-05 01:38:48] EDIT login4/views/default/search_university.html: 0
[2015-04-05 01:38:48] EDIT login4/views/default/search_university.html: 0
[2015-04-05 01:38:48] EDIT login4/views/default/search_university.html: 0
[2015-04-05 01:39:33] EDIT login4/views/default/search_university.html: 0
[2015-04-05 01:39:43] EDIT login4/views/default/search_university.html: 0
[2015-04-05 01:40:02] EDIT login4/views/default/search_university.html: 0
[2015-04-05 01:40:48] EDIT login4/views/default/search_university.html: 0
[2015-04-05 01:40:49] EDIT login4/views/default/search_university.html: 0
[2015-04-05 01:41:09] EDIT login4/views/default/search_university.html: 0
[2015-04-05 01:41:09] EDIT login4/views/default/search_university.html: 0
[2015-04-05 02:12:27] EDIT login4/views/default/search_university.html: 0
[2015-04-05 02:12:27] EDIT login4/views/default/search_university.html: 0
[2015-04-05 02:12:40] EDIT login4/views/default/search_university.html: 0
[2015-04-05 02:12:40] EDIT login4/views/default/search_university.html: 0
[2015-04-05 02:12:41] EDIT login4/views/default/search_university.html: 0
[2015-04-05 02:13:15] EDIT login4/views/default/search_university.html: 1
[2015-04-05 02:13:26] EDIT login4/views/default/search_university.html: -1
[2015-04-05 02:17:08] EDIT login4/views/default/search_university.html: 0
[2015-04-05 02:17:09] EDIT login4/views/default/search_university.html: 0
[2015-04-05 02:17:30] EDIT login4/views/default/search_university.html: 0
[2015-04-05 02:18:00] EDIT login4/views/default/search_university.html: 0
[2015-04-05 02:18:07] EDIT login4/views/default/search_university.html: 0
[2015-04-05 02:18:16] EDIT login4/views/default/search_university.html: 0
[2015-04-05 05:59:59] EDIT login4/controllers/default.py: 10
[2015-04-05 06:00:17] EDIT login4/controllers/default.py: 0
[2015-04-05 06:00:20] EDIT login4/controllers/default.py: 0
[2015-04-05 06:00:23] EDIT login4/controllers/default.py: 0
[2015-04-05 06:00:24] EDIT login4/controllers/default.py: 0
[2015-04-05 06:01:50] EDIT login4/controllers/default.py: 0
[2015-04-05 06:01:50] EDIT login4/controllers/default.py: 0
[2015-04-05 06:02:08] EDIT login4/controllers/default.py: 0
[2015-04-05 06:04:12] EDIT login4/controllers/default.py: 1
[2015-04-05 06:04:18] EDIT login4/controllers/default.py: -1
[2015-04-05 06:04:19] EDIT login4/controllers/default.py: 0
[2015-04-05 06:04:47] EDIT login4/controllers/default.py: 0
[2015-04-05 06:04:47] EDIT login4/controllers/default.py: 0
[2015-04-05 06:08:16] EDIT login4/controllers/default.py: -7
[2015-04-05 06:09:08] EDIT login4/controllers/default.py: 0
[2015-04-05 06:29:56] EDIT login4/controllers/default.py: 24
[2015-04-05 06:30:42] EDIT login4/controllers/default.py: 1
[2015-04-05 06:30:45] EDIT login4/controllers/default.py: 0
[2015-04-05 06:30:52] EDIT login4/controllers/default.py: 0
[2015-04-05 06:31:10] EDIT login4/controllers/default.py: 0
[2015-04-05 06:31:48] EDIT login4/controllers/default.py: -10
[2015-04-05 06:32:01] EDIT login4/controllers/default.py: -2
[2015-04-05 06:34:26] EDIT login4/controllers/default.py: 1
[2015-04-05 06:34:45] EDIT login4/controllers/default.py: 2
[2015-04-05 06:35:37] EDIT login4/controllers/default.py: 0
[2015-04-05 06:35:59] EDIT login4/controllers/default.py: 0
[2015-04-05 06:40:20] EDIT login4/controllers/default.py: 15
[2015-04-05 06:47:34] EDIT login4/controllers/default.py: 2
[2015-04-05 06:47:44] EDIT login4/controllers/default.py: 1
[2015-04-05 06:47:45] EDIT login4/controllers/default.py: 0
[2015-04-05 06:47:46] EDIT login4/controllers/default.py: 0
[2015-04-05 06:50:33] EDIT login4/controllers/default.py: -2
[2015-04-05 06:51:11] CREATE default/alumni_intm_page.html: 0
[2015-04-05 06:51:58] EDIT login4/views/default/alumni_intm_page.html: 7
[2015-04-05 06:52:26] EDIT login4/views/default/alumni_intm_page.html: 0
[2015-04-05 06:56:14] EDIT login4/controllers/default.py: -2
[2015-04-05 06:56:39] EDIT login4/controllers/default.py: -10
[2015-04-05 06:56:39] EDIT login4/controllers/default.py: 0
[2015-04-05 06:59:16] EDIT login4/controllers/default.py: -2
[2015-04-05 06:59:34] EDIT login4/controllers/default.py: 2
[2015-04-05 06:59:35] EDIT login4/controllers/default.py: 0
[2015-04-05 06:59:35] EDIT login4/controllers/default.py: 0
[2015-04-05 07:00:21] EDIT login4/controllers/default.py: 0
[2015-04-05 15:59:29] EDIT final/controllers/default.py: -6
[2015-04-05 15:59:44] EDIT final/controllers/default.py: 0
[2015-04-05 15:59:44] EDIT final/controllers/default.py: 0
[2015-04-05 16:00:30] EDIT final/controllers/default.py: 0
[2015-04-05 16:01:02] EDIT final/controllers/default.py: -3
[2015-04-05 16:01:02] EDIT final/controllers/default.py: 0
[2015-04-05 16:11:20] EDIT final/controllers/default.py: 2
[2015-04-05 16:11:21] EDIT final/controllers/default.py: 0
[2015-04-05 16:11:21] EDIT final/controllers/default.py: 0
[2015-04-05 16:11:21] EDIT final/controllers/default.py: 0
[2015-04-05 16:11:21] EDIT final/controllers/default.py: 0
[2015-04-05 16:15:45] EDIT final/controllers/default.py: 1
[2015-04-05 16:15:46] EDIT final/controllers/default.py: 0
[2015-04-05 16:15:46] EDIT final/controllers/default.py: 0
[2015-04-05 16:15:46] EDIT final/controllers/default.py: 0
[2015-04-05 16:15:46] EDIT final/controllers/default.py: 0
[2015-04-05 16:38:25] EDIT final/controllers/default.py: 2
[2015-04-05 16:38:25] EDIT final/controllers/default.py: 0
[2015-04-05 16:40:26] EDIT final/controllers/default.py: 5
[2015-04-05 16:40:26] EDIT final/controllers/default.py: 0
[2015-04-05 16:40:27] EDIT final/controllers/default.py: 0
[2015-04-05 16:40:27] EDIT final/controllers/default.py: 0
[2015-04-05 16:40:35] EDIT final/controllers/default.py: 0
[2015-04-05 16:40:44] EDIT final/controllers/default.py: 0
[2015-04-05 16:41:41] EDIT final/controllers/default.py: 0
[2015-04-05 16:41:41] EDIT final/controllers/default.py: 0
[2015-04-05 16:43:16] EDIT final/controllers/default.py: -1
[2015-04-05 16:43:16] EDIT final/controllers/default.py: 0
[2015-04-05 16:43:16] EDIT final/controllers/default.py: 0
[2015-04-05 16:45:05] EDIT final/controllers/default.py: 0
[2015-04-05 16:45:05] EDIT final/controllers/default.py: 0
[2015-04-05 16:45:06] EDIT final/controllers/default.py: 0
[2015-04-05 17:05:16] EDIT final/controllers/default.py: -1
[2015-04-05 17:05:17] EDIT final/controllers/default.py: 0
[2015-04-05 17:05:17] EDIT final/controllers/default.py: 0
[2015-04-05 17:06:03] EDIT final/controllers/default.py: 0
[2015-04-05 17:06:03] EDIT final/controllers/default.py: 0
[2015-04-05 17:06:03] EDIT final/controllers/default.py: 0
[2015-04-05 17:06:03] EDIT final/controllers/default.py: 0
[2015-04-05 17:06:04] EDIT final/controllers/default.py: 0
[2015-04-05 17:06:05] EDIT final/controllers/default.py: 0
[2015-04-05 17:06:05] EDIT final/controllers/default.py: 0
[2015-04-05 17:06:18] EDIT final/controllers/default.py: 0
[2015-04-05 17:06:18] EDIT final/controllers/default.py: 0
[2015-04-05 17:06:55] EDIT final/controllers/default.py: 0
[2015-04-05 17:06:55] EDIT final/controllers/default.py: 0
[2015-04-05 17:06:55] EDIT final/controllers/default.py: 0
[2015-04-05 17:06:56] EDIT final/controllers/default.py: 0
[2015-04-05 17:07:53] EDIT final/controllers/default.py: -1
[2015-04-05 17:07:54] EDIT final/controllers/default.py: 0
[2015-04-05 17:07:54] EDIT final/controllers/default.py: 0
[2015-04-05 17:09:10] EDIT final/controllers/default.py: 0
[2015-04-05 17:09:10] EDIT final/controllers/default.py: 0
[2015-04-05 17:09:10] EDIT final/controllers/default.py: 0
[2015-04-05 17:10:01] EDIT final/controllers/default.py: 0
[2015-04-05 17:10:01] EDIT final/controllers/default.py: 0
[2015-04-05 17:10:01] EDIT final/controllers/default.py: 0
[2015-04-05 17:10:01] EDIT final/controllers/default.py: 0
[2015-04-05 17:10:29] EDIT final/controllers/default.py: 0
[2015-04-05 17:10:29] EDIT final/controllers/default.py: 0
[2015-04-05 17:10:30] EDIT final/controllers/default.py: 0
[2015-04-05 17:10:36] EDIT final/controllers/default.py: 0
[2015-04-05 17:10:37] EDIT final/controllers/default.py: 0
[2015-04-05 17:10:37] EDIT final/controllers/default.py: 0
[2015-04-05 17:10:37] EDIT final/controllers/default.py: 0
[2015-04-05 17:10:41] EDIT final/controllers/default.py: 0
[2015-04-05 17:10:41] EDIT final/controllers/default.py: 0
[2015-04-05 17:10:41] EDIT final/controllers/default.py: 0
[2015-04-05 17:11:12] EDIT final/controllers/default.py: 0
[2015-04-05 17:11:12] EDIT final/controllers/default.py: 0
[2015-04-05 17:11:12] EDIT final/controllers/default.py: 0
[2015-04-05 17:11:12] EDIT final/controllers/default.py: 0
[2015-04-05 17:12:26] EDIT final/controllers/default.py: 0
[2015-04-05 17:12:26] EDIT final/controllers/default.py: 0
[2015-04-05 17:12:26] EDIT final/controllers/default.py: 0
[2015-04-05 17:12:26] EDIT final/controllers/default.py: 0
[2015-04-05 17:12:27] EDIT final/controllers/default.py: 0
[2015-04-05 17:14:14] EDIT final/controllers/default.py: 0
[2015-04-05 17:14:14] EDIT final/controllers/default.py: 0
[2015-04-05 17:14:15] EDIT final/controllers/default.py: 0
[2015-04-05 17:14:36] EDIT final/controllers/default.py: 0
[2015-04-05 17:14:37] EDIT final/controllers/default.py: 0
[2015-04-05 17:14:37] EDIT final/controllers/default.py: 0
[2015-04-05 22:02:14] EDIT final2/controllers/default.py: 50
[2015-04-05 22:05:41] EDIT final2/controllers/default.py: 0
[2015-04-05 22:05:42] EDIT final2/controllers/default.py: 0
[2015-04-05 22:05:42] EDIT final2/controllers/default.py: 0
[2015-04-05 22:05:42] EDIT final2/controllers/default.py: 0
[2015-04-05 22:05:43] EDIT final2/controllers/default.py: 0
[2015-04-05 22:05:43] EDIT final2/controllers/default.py: 0
[2015-04-05 22:05:58] EDIT final2/controllers/default.py: 0
[2015-04-05 22:15:40] EDIT final2/controllers/default.py: 1
[2015-04-05 22:16:34] EDIT final2/controllers/default.py: 2
[2015-04-05 22:16:57] CREATE default/prin.html: 0
[2015-04-05 22:20:14] EDIT final2/controllers/default.py: 2
[2015-04-05 22:23:21] EDIT final2/views/default/alumni_intm_page.html: 0
[2015-04-05 22:24:57] EDIT final2/controllers/default.py: 1
[2015-04-05 22:25:14] EDIT final2/controllers/default.py: 1
[2015-04-05 22:25:23] EDIT final2/controllers/default.py: 0
[2015-04-05 22:26:48] EDIT final2/controllers/default.py: 0
[2015-04-05 22:26:48] EDIT final2/controllers/default.py: 0
[2015-04-05 22:27:09] EDIT final2/views/default/prin.html: 9
[2015-04-05 22:27:26] EDIT final2/views/default/prin.html: 1
[2015-04-05 22:28:01] EDIT final2/views/default/prin.html: 0
[2015-04-05 22:28:14] EDIT final2/views/default/prin.html: 0
[2015-04-05 22:28:15] EDIT final2/views/default/prin.html: 0
[2015-04-05 22:28:15] EDIT final2/views/default/prin.html: 0
[2015-04-05 22:31:41] EDIT final2/controllers/default.py: 0
[2015-04-05 22:31:44] EDIT final2/views/default/prin.html: 0
[2015-04-05 22:33:30] EDIT final2/views/default/prin.html: 6
[2015-04-05 22:33:31] EDIT final2/views/default/prin.html: 0
[2015-04-05 22:35:08] EDIT final2/views/default/prin.html: 6
[2015-04-05 22:35:08] EDIT final2/views/default/prin.html: 0
[2015-04-05 22:35:08] EDIT final2/views/default/prin.html: 0
[2015-04-05 22:35:34] EDIT final2/views/default/prin.html: 1
[2015-04-05 22:35:35] EDIT final2/views/default/prin.html: 0
[2015-04-05 22:35:35] EDIT final2/views/default/prin.html: 0
[2015-04-05 22:35:35] EDIT final2/views/default/prin.html: 0
[2015-04-05 22:36:06] EDIT final2/views/default/prin.html: 1
[2015-04-05 22:36:06] EDIT final2/views/default/prin.html: 0
[2015-04-05 22:36:19] EDIT final2/views/default/prin.html: 0
[2015-04-05 22:36:20] EDIT final2/views/default/prin.html: 0
[2015-04-05 22:36:30] EDIT final2/views/default/prin.html: -1
[2015-04-05 22:36:30] EDIT final2/views/default/prin.html: 0
[2015-04-05 22:36:58] EDIT final2/views/default/prin.html: 0
[2015-04-05 22:36:58] EDIT final2/views/default/prin.html: 0
[2015-04-05 22:36:58] EDIT final2/views/default/prin.html: 0
[2015-04-05 22:37:28] EDIT final2/views/default/prin.html: 0
[2015-04-05 22:37:29] EDIT final2/views/default/prin.html: 0
[2015-04-05 22:38:08] EDIT final2/views/default/prin.html: -3
[2015-04-05 22:38:08] EDIT final2/views/default/prin.html: 0
[2015-04-05 22:38:09] EDIT final2/views/default/prin.html: 0
[2015-04-05 22:38:09] EDIT final2/views/default/prin.html: 0
[2015-04-05 22:38:47] EDIT final2/views/default/prin.html: 0
[2015-04-05 22:38:47] EDIT final2/views/default/prin.html: 0
[2015-04-05 22:38:48] EDIT final2/views/default/prin.html: 0
[2015-04-05 22:38:48] EDIT final2/views/default/prin.html: 0
[2015-04-05 22:39:11] EDIT final2/views/default/prin.html: -1
[2015-04-05 22:39:11] EDIT final2/views/default/prin.html: 0
[2015-04-05 22:42:26] EDIT final2/views/default/prin.html: 0
[2015-04-05 22:42:26] EDIT final2/views/default/prin.html: 0
[2015-04-05 23:15:37] EDIT final2/views/default/alumni_intm_page.html: 0
[2015-04-05 23:15:37] EDIT final2/views/default/alumni_intm_page.html: 0
